生成启动时间为 2016/8/22 16:22:46。
     1>项目“D:\VS2010\MFC_MySQL_test\MFC_MySQL_test\MFC_MySQL_test.vcxproj”在节点 2 上(build 个目标)。
     1>InitializeBuildStatus:
         正在创建“Debug\MFC_MySQL_test.unsuccessfulbuild”，因为已指定“AlwaysCreate”。
       ClCompile:
         所有输出均为最新。
         C:\Program Files (x86)\Microsoft Visual Studio 10.0\VC\bin\CL.exe /c /ZI /nologo /W3 /WX- /Od /Oy- /D WIN32 /D _WINDOWS /D _DEBUG /D _UNICODE /D UNICODE /D _AFXDLL /Gm /EHsc /RTC1 /MDd /GS /fp:precise /Zc:wchar_t /Zc:forScope /Yu"StdAfx.h" /Fp"Debug\MFC_MySQL_test.pch" /Fo"Debug\\" /Fd"Debug\vc100.pdb" /Gd /TP /analyze- /errorReport:prompt MFC_MySQL_testDlg.cpp
         MFC_MySQL_testDlg.cpp
       ResourceCompile:
         所有输出均为最新。
       ManifestResourceCompile:
         所有输出均为最新。
       Link:
         C:\Program Files (x86)\Microsoft Visual Studio 10.0\VC\bin\link.exe /ERRORREPORT:PROMPT /OUT:"D:\VS2010\MFC_MySQL_test\Debug\MFC_MySQL_test.exe" /INCREMENTAL /NOLOGO libmysql.lib /MANIFEST /ManifestFile:"Debug\MFC_MySQL_test.exe.intermediate.manifest" /MANIFESTUAC:"level='asInvoker' uiAccess='false'" /DEBUG /PDB:"D:\VS2010\MFC_MySQL_test\Debug\MFC_MySQL_test.pdb" /SUBSYSTEM:WINDOWS /TLBID:1 /ENTRY:"wWinMainCRTStartup" /DYNAMICBASE /NXCOMPAT /IMPLIB:"D:\VS2010\MFC_MySQL_test\Debug\MFC_MySQL_test.lib" /MACHINE:X86 Debug\MFC_MySQL_test.res
         Debug\MFC_MySQL_test.exe.embed.manifest.res
         Debug\MFC_MySQL_test.obj
         Debug\MFC_MySQL_testDlg.obj
         Debug\stdafx.obj
     1>MFC_MySQL_testDlg.obj : error LNK2001: 无法解析的外部符号 _mysql_real_connect@32
     1>D:\VS2010\MFC_MySQL_test\Debug\MFC_MySQL_test.exe : fatal error LNK1120: 1 个无法解析的外部命令
     1>已完成生成项目“D:\VS2010\MFC_MySQL_test\MFC_MySQL_test\MFC_MySQL_test.vcxproj”(build 个目标)的操作 - 失败。

生成失败。

已用时间 00:00:01.14
